<?xml version="1.0" encoding="UTF-8"?>
<testsuite xmlns:xsi="http://www.w3.org/2001/XMLSchema-instance" xsi:noNamespaceSchemaLocation="https://maven.apache.org/surefire/maven-surefire-plugin/xsd/surefire-test-report.xsd" name="com.ucu.topicos.TopicosApplicationTests" time="3.031" tests="1" errors="0" skipped="0" failures="0">
  <properties>
    <property name="gopherProxySet" value="false"/>
    <property name="awt.toolkit" value="sun.lwawt.macosx.LWCToolkit"/>
    <property name="java.specification.version" value="11"/>
    <property name="sun.cpu.isalist" value=""/>
    <property name="sun.jnu.encoding" value="UTF-8"/>
    <property name="java.class.path" value="/Users/anakaprielian/Documents/UCU/TOPICOS/proyecto/topicos-g5-backend/target/test-classes:/Users/anakaprielian/Documents/UCU/TOPICOS/proyecto/topicos-g5-backend/target/classes:/Users/anakaprielian/.m2/repository/org/springframework/boot/spring-boot-starter-data-jpa/2.4.4/spring-boot-starter-data-jpa-2.4.4.jar:/Users/anakaprielian/.m2/repository/org/springframework/boot/spring-boot-starter-aop/2.4.4/spring-boot-starter-aop-2.4.4.jar:/Users/anakaprielian/.m2/repository/org/springframework/spring-aop/5.3.5/spring-aop-5.3.5.jar:/Users/anakaprielian/.m2/repository/org/aspectj/aspectjweaver/1.9.6/aspectjweaver-1.9.6.jar:/Users/anakaprielian/.m2/repository/org/springframework/boot/spring-boot-starter-jdbc/2.4.4/spring-boot-starter-jdbc-2.4.4.jar:/Users/anakaprielian/.m2/repository/com/zaxxer/HikariCP/3.4.5/HikariCP-3.4.5.jar:/Users/anakaprielian/.m2/repository/org/springframework/spring-jdbc/5.3.5/spring-jdbc-5.3.5.jar:/Users/anakaprielian/.m2/repository/jakarta/transaction/jakarta.transaction-api/1.3.3/jakarta.transaction-api-1.3.3.jar:/Users/anakaprielian/.m2/repository/jakarta/persistence/jakarta.persistence-api/2.2.3/jakarta.persistence-api-2.2.3.jar:/Users/anakaprielian/.m2/repository/org/hibernate/hibernate-core/5.4.29.Final/hibernate-core-5.4.29.Final.jar:/Users/anakaprielian/.m2/repository/org/jboss/logging/jboss-logging/3.4.1.Final/jboss-logging-3.4.1.Final.jar:/Users/anakaprielian/.m2/repository/org/javassist/javassist/3.27.0-GA/javassist-3.27.0-GA.jar:/Users/anakaprielian/.m2/repository/net/bytebuddy/byte-buddy/1.10.22/byte-buddy-1.10.22.jar:/Users/anakaprielian/.m2/repository/antlr/antlr/2.7.7/antlr-2.7.7.jar:/Users/anakaprielian/.m2/repository/org/jboss/jandex/2.2.3.Final/jandex-2.2.3.Final.jar:/Users/anakaprielian/.m2/repository/com/fasterxml/classmate/1.5.1/classmate-1.5.1.jar:/Users/anakaprielian/.m2/repository/org/dom4j/dom4j/2.1.3/dom4j-2.1.3.jar:/Users/anakaprielian/.m2/repository/org/hibernate/common/hibernate-commons-annotations/5.1.2.Final/hibernate-commons-annotations-5.1.2.Final.jar:/Users/anakaprielian/.m2/repository/org/glassfish/jaxb/jaxb-runtime/2.3.3/jaxb-runtime-2.3.3.jar:/Users/anakaprielian/.m2/repository/org/glassfish/jaxb/txw2/2.3.3/txw2-2.3.3.jar:/Users/anakaprielian/.m2/repository/com/sun/istack/istack-commons-runtime/3.0.11/istack-commons-runtime-3.0.11.jar:/Users/anakaprielian/.m2/repository/org/springframework/data/spring-data-jpa/2.4.6/spring-data-jpa-2.4.6.jar:/Users/anakaprielian/.m2/repository/org/springframework/data/spring-data-commons/2.4.6/spring-data-commons-2.4.6.jar:/Users/anakaprielian/.m2/repository/org/springframework/spring-orm/5.3.5/spring-orm-5.3.5.jar:/Users/anakaprielian/.m2/repository/org/springframework/spring-context/5.3.5/spring-context-5.3.5.jar:/Users/anakaprielian/.m2/repository/org/springframework/spring-tx/5.3.5/spring-tx-5.3.5.jar:/Users/anakaprielian/.m2/repository/org/springframework/spring-beans/5.3.5/spring-beans-5.3.5.jar:/Users/anakaprielian/.m2/repository/org/springframework/spring-aspects/5.3.5/spring-aspects-5.3.5.jar:/Users/anakaprielian/.m2/repository/org/springframework/boot/spring-boot-starter-mail/2.4.4/spring-boot-starter-mail-2.4.4.jar:/Users/anakaprielian/.m2/repository/org/springframework/boot/spring-boot-starter/2.4.4/spring-boot-starter-2.4.4.jar:/Users/anakaprielian/.m2/repository/org/springframework/boot/spring-boot-starter-logging/2.4.4/spring-boot-starter-logging-2.4.4.jar:/Users/anakaprielian/.m2/repository/ch/qos/logback/logback-classic/1.2.3/logback-classic-1.2.3.jar:/Users/anakaprielian/.m2/repository/ch/qos/logback/logback-core/1.2.3/logback-core-1.2.3.jar:/Users/anakaprielian/.m2/repository/org/apache/logging/log4j/log4j-to-slf4j/2.13.3/log4j-to-slf4j-2.13.3.jar:/Users/anakaprielian/.m2/repository/org/apache/logging/log4j/log4j-api/2.13.3/log4j-api-2.13.3.jar:/Users/anakaprielian/.m2/repository/org/slf4j/jul-to-slf4j/1.7.30/jul-to-slf4j-1.7.30.jar:/Users/anakaprielian/.m2/repository/jakarta/annotation/jakarta.annotation-api/1.3.5/jakarta.annotation-api-1.3.5.jar:/Users/anakaprielian/.m2/repository/org/yaml/snakeyaml/1.27/snakeyaml-1.27.jar:/Users/anakaprielian/.m2/repository/org/springframework/spring-context-support/5.3.5/spring-context-support-5.3.5.jar:/Users/anakaprielian/.m2/repository/com/sun/mail/jakarta.mail/1.6.6/jakarta.mail-1.6.6.jar:/Users/anakaprielian/.m2/repository/com/sun/activation/jakarta.activation/1.2.2/jakarta.activation-1.2.2.jar:/Users/anakaprielian/.m2/repository/org/springframework/boot/spring-boot-starter-web/2.4.4/spring-boot-starter-web-2.4.4.jar:/Users/anakaprielian/.m2/repository/org/springframework/boot/spring-boot-starter-json/2.4.4/spring-boot-starter-json-2.4.4.jar:/Users/anakaprielian/.m2/repository/com/fasterxml/jackson/core/jackson-databind/2.11.4/jackson-databind-2.11.4.jar:/Users/anakaprielian/.m2/repository/com/fasterxml/jackson/core/jackson-annotations/2.11.4/jackson-annotations-2.11.4.jar:/Users/anakaprielian/.m2/repository/com/fasterxml/jackson/datatype/jackson-datatype-jdk8/2.11.4/jackson-datatype-jdk8-2.11.4.jar:/Users/anakaprielian/.m2/repository/com/fasterxml/jackson/datatype/jackson-datatype-jsr310/2.11.4/jackson-datatype-jsr310-2.11.4.jar:/Users/anakaprielian/.m2/repository/com/fasterxml/jackson/module/jackson-module-parameter-names/2.11.4/jackson-module-parameter-names-2.11.4.jar:/Users/anakaprielian/.m2/repository/org/springframework/boot/spring-boot-starter-tomcat/2.4.4/spring-boot-starter-tomcat-2.4.4.jar:/Users/anakaprielian/.m2/repository/org/apache/tomcat/embed/tomcat-embed-core/9.0.44/tomcat-embed-core-9.0.44.jar:/Users/anakaprielian/.m2/repository/org/apache/tomcat/embed/tomcat-embed-websocket/9.0.44/tomcat-embed-websocket-9.0.44.jar:/Users/anakaprielian/.m2/repository/org/springframework/spring-web/5.3.5/spring-web-5.3.5.jar:/Users/anakaprielian/.m2/repository/org/springframework/spring-webmvc/5.3.5/spring-webmvc-5.3.5.jar:/Users/anakaprielian/.m2/repository/org/springframework/spring-expression/5.3.5/spring-expression-5.3.5.jar:/Users/anakaprielian/.m2/repository/org/springframework/boot/spring-boot-starter-validation/2.4.4/spring-boot-starter-validation-2.4.4.jar:/Users/anakaprielian/.m2/repository/org/glassfish/jakarta.el/3.0.3/jakarta.el-3.0.3.jar:/Users/anakaprielian/.m2/repository/org/hibernate/validator/hibernate-validator/6.1.7.Final/hibernate-validator-6.1.7.Final.jar:/Users/anakaprielian/.m2/repository/jakarta/validation/jakarta.validation-api/2.0.2/jakarta.validation-api-2.0.2.jar:/Users/anakaprielian/.m2/repository/org/springframework/boot/spring-boot-devtools/2.4.4/spring-boot-devtools-2.4.4.jar:/Users/anakaprielian/.m2/repository/org/springframework/boot/spring-boot/2.4.4/spring-boot-2.4.4.jar:/Users/anakaprielian/.m2/repository/org/springframework/boot/spring-boot-autoconfigure/2.4.4/spring-boot-autoconfigure-2.4.4.jar:/Users/anakaprielian/.m2/repository/org/postgresql/postgresql/42.2.19/postgresql-42.2.19.jar:/Users/anakaprielian/.m2/repository/org/checkerframework/checker-qual/3.5.0/checker-qual-3.5.0.jar:/Users/anakaprielian/.m2/repository/org/projectlombok/lombok/1.18.18/lombok-1.18.18.jar:/Users/anakaprielian/.m2/repository/org/springframework/boot/spring-boot-starter-test/2.4.4/spring-boot-starter-test-2.4.4.jar:/Users/anakaprielian/.m2/repository/org/springframework/boot/spring-boot-test/2.4.4/spring-boot-test-2.4.4.jar:/Users/anakaprielian/.m2/repository/org/springframework/boot/spring-boot-test-autoconfigure/2.4.4/spring-boot-test-autoconfigure-2.4.4.jar:/Users/anakaprielian/.m2/repository/com/jayway/jsonpath/json-path/2.4.0/json-path-2.4.0.jar:/Users/anakaprielian/.m2/repository/net/minidev/json-smart/2.3/json-smart-2.3.jar:/Users/anakaprielian/.m2/repository/net/minidev/accessors-smart/1.2/accessors-smart-1.2.jar:/Users/anakaprielian/.m2/repository/org/ow2/asm/asm/5.0.4/asm-5.0.4.jar:/Users/anakaprielian/.m2/repository/jakarta/xml/bind/jakarta.xml.bind-api/2.3.3/jakarta.xml.bind-api-2.3.3.jar:/Users/anakaprielian/.m2/repository/jakarta/activation/jakarta.activation-api/1.2.2/jakarta.activation-api-1.2.2.jar:/Users/anakaprielian/.m2/repository/org/assertj/assertj-core/3.18.1/assertj-core-3.18.1.jar:/Users/anakaprielian/.m2/repository/org/hamcrest/hamcrest/2.2/hamcrest-2.2.jar:/Users/anakaprielian/.m2/repository/org/junit/jupiter/junit-jupiter/5.7.1/junit-jupiter-5.7.1.jar:/Users/anakaprielian/.m2/repository/org/junit/jupiter/junit-jupiter-api/5.7.1/junit-jupiter-api-5.7.1.jar:/Users/anakaprielian/.m2/repository/org/apiguardian/apiguardian-api/1.1.0/apiguardian-api-1.1.0.jar:/Users/anakaprielian/.m2/repository/org/opentest4j/opentest4j/1.2.0/opentest4j-1.2.0.jar:/Users/anakaprielian/.m2/repository/org/junit/platform/junit-platform-commons/1.7.1/junit-platform-commons-1.7.1.jar:/Users/anakaprielian/.m2/repository/org/junit/jupiter/junit-jupiter-params/5.7.1/junit-jupiter-params-5.7.1.jar:/Users/anakaprielian/.m2/repository/org/junit/jupiter/junit-jupiter-engine/5.7.1/junit-jupiter-engine-5.7.1.jar:/Users/anakaprielian/.m2/repository/org/junit/platform/junit-platform-engine/1.7.1/junit-platform-engine-1.7.1.jar:/Users/anakaprielian/.m2/repository/org/mockito/mockito-core/3.6.28/mockito-core-3.6.28.jar:/Users/anakaprielian/.m2/repository/net/bytebuddy/byte-buddy-agent/1.10.22/byte-buddy-agent-1.10.22.jar:/Users/anakaprielian/.m2/repository/org/objenesis/objenesis/3.1/objenesis-3.1.jar:/Users/anakaprielian/.m2/repository/org/mockito/mockito-junit-jupiter/3.6.28/mockito-junit-jupiter-3.6.28.jar:/Users/anakaprielian/.m2/repository/org/skyscreamer/jsonassert/1.5.0/jsonassert-1.5.0.jar:/Users/anakaprielian/.m2/repository/com/vaadin/external/google/android-json/0.0.20131108.vaadin1/android-json-0.0.20131108.vaadin1.jar:/Users/anakaprielian/.m2/repository/org/springframework/spring-core/5.3.5/spring-core-5.3.5.jar:/Users/anakaprielian/.m2/repository/org/springframework/spring-jcl/5.3.5/spring-jcl-5.3.5.jar:/Users/anakaprielian/.m2/repository/org/springframework/spring-test/5.3.5/spring-test-5.3.5.jar:/Users/anakaprielian/.m2/repository/org/xmlunit/xmlunit-core/2.7.0/xmlunit-core-2.7.0.jar:/Users/anakaprielian/.m2/repository/com/google/cloud/google-cloud-firestore/3.15.1/google-cloud-firestore-3.15.1.jar:/Users/anakaprielian/.m2/repository/com/google/cloud/google-cloud-core-grpc/2.25.0/google-cloud-core-grpc-2.25.0.jar:/Users/anakaprielian/.m2/repository/com/google/http-client/google-http-client/1.43.3/google-http-client-1.43.3.jar:/Users/anakaprielian/.m2/repository/org/apache/httpcomponents/httpclient/4.5.13/httpclient-4.5.13.jar:/Users/anakaprielian/.m2/repository/commons-logging/commons-logging/1.2/commons-logging-1.2.jar:/Users/anakaprielian/.m2/repository/commons-codec/commons-codec/1.15/commons-codec-1.15.jar:/Users/anakaprielian/.m2/repository/org/apache/httpcomponents/httpcore/4.4.14/httpcore-4.4.14.jar:/Users/anakaprielian/.m2/repository/io/opencensus/opencensus-contrib-http-util/0.31.1/opencensus-contrib-http-util-0.31.1.jar:/Users/anakaprielian/.m2/repository/com/google/api/grpc/proto-google-cloud-firestore-v1/3.15.1/proto-google-cloud-firestore-v1-3.15.1.jar:/Users/anakaprielian/.m2/repository/com/google/cloud/proto-google-cloud-firestore-bundle-v1/3.15.1/proto-google-cloud-firestore-bundle-v1-3.15.1.jar:/Users/anakaprielian/.m2/repository/com/google/auto/value/auto-value-annotations/1.10.4/auto-value-annotations-1.10.4.jar:/Users/anakaprielian/.m2/repository/io/opencensus/opencensus-contrib-grpc-util/0.31.1/opencensus-contrib-grpc-util-0.31.1.jar:/Users/anakaprielian/.m2/repository/io/grpc/grpc-core/1.58.0/grpc-core-1.58.0.jar:/Users/anakaprielian/.m2/repository/com/google/android/annotations/4.1.1.4/annotations-4.1.1.4.jar:/Users/anakaprielian/.m2/repository/org/codehaus/mojo/animal-sniffer-annotations/1.23/animal-sniffer-annotations-1.23.jar:/Users/anakaprielian/.m2/repository/io/perfmark/perfmark-api/0.26.0/perfmark-api-0.26.0.jar:/Users/anakaprielian/.m2/repository/io/grpc/grpc-util/1.58.0/grpc-util-1.58.0.jar:/Users/anakaprielian/.m2/repository/com/google/code/findbugs/jsr305/3.0.2/jsr305-3.0.2.jar:/Users/anakaprielian/.m2/repository/com/google/api/api-common/2.18.0/api-common-2.18.0.jar:/Users/anakaprielian/.m2/repository/com/google/errorprone/error_prone_annotations/2.20.0/error_prone_annotations-2.20.0.jar:/Users/anakaprielian/.m2/repository/io/grpc/grpc-protobuf/1.58.0/grpc-protobuf-1.58.0.jar:/Users/anakaprielian/.m2/repository/io/grpc/grpc-protobuf-lite/1.58.0/grpc-protobuf-lite-1.58.0.jar:/Users/anakaprielian/.m2/repository/com/google/protobuf/protobuf-java/3.24.3/protobuf-java-3.24.3.jar:/Users/anakaprielian/.m2/repository/com/google/api/grpc/proto-google-common-protos/2.26.0/proto-google-common-protos-2.26.0.jar:/Users/anakaprielian/.m2/repository/com/google/api/gax/2.35.0/gax-2.35.0.jar:/Users/anakaprielian/.m2/repository/com/google/auth/google-auth-library-oauth2-http/1.19.0/google-auth-library-oauth2-http-1.19.0.jar:/Users/anakaprielian/.m2/repository/io/grpc/grpc-api/1.58.0/grpc-api-1.58.0.jar:/Users/anakaprielian/.m2/repository/com/google/api/gax-grpc/2.35.0/gax-grpc-2.35.0.jar:/Users/anakaprielian/.m2/repository/io/grpc/grpc-inprocess/1.58.0/grpc-inprocess-1.58.0.jar:/Users/anakaprielian/.m2/repository/io/grpc/grpc-alts/1.58.0/grpc-alts-1.58.0.jar:/Users/anakaprielian/.m2/repository/io/grpc/grpc-grpclb/1.58.0/grpc-grpclb-1.58.0.jar:/Users/anakaprielian/.m2/repository/org/conscrypt/conscrypt-openjdk-uber/2.5.2/conscrypt-openjdk-uber-2.5.2.jar:/Users/anakaprielian/.m2/repository/io/grpc/grpc-auth/1.58.0/grpc-auth-1.58.0.jar:/Users/anakaprielian/.m2/repository/io/grpc/grpc-netty-shaded/1.58.0/grpc-netty-shaded-1.58.0.jar:/Users/anakaprielian/.m2/repository/io/grpc/grpc-googleapis/1.58.0/grpc-googleapis-1.58.0.jar:/Users/anakaprielian/.m2/repository/io/grpc/grpc-xds/1.58.0/grpc-xds-1.58.0.jar:/Users/anakaprielian/.m2/repository/io/opencensus/opencensus-proto/0.2.0/opencensus-proto-0.2.0.jar:/Users/anakaprielian/.m2/repository/io/grpc/grpc-services/1.58.0/grpc-services-1.58.0.jar:/Users/anakaprielian/.m2/repository/com/google/re2j/re2j/1.7/re2j-1.7.jar:/Users/anakaprielian/.m2/repository/com/google/api/gax-httpjson/2.35.0/gax-httpjson-2.35.0.jar:/Users/anakaprielian/.m2/repository/com/google/http-client/google-http-client-gson/1.43.3/google-http-client-gson-1.43.3.jar:/Users/anakaprielian/.m2/repository/com/google/guava/guava/32.1.2-jre/guava-32.1.2-jre.jar:/Users/anakaprielian/.m2/repository/com/google/guava/failureaccess/1.0.1/failureaccess-1.0.1.jar:/Users/anakaprielian/.m2/repository/com/google/guava/listenablefuture/9999.0-empty-to-avoid-conflict-with-guava/listenablefuture-9999.0-empty-to-avoid-conflict-with-guava.jar:/Users/anakaprielian/.m2/repository/com/google/j2objc/j2objc-annotations/2.8/j2objc-annotations-2.8.jar:/Users/anakaprielian/.m2/repository/org/threeten/threetenbp/1.6.8/threetenbp-1.6.8.jar:/Users/anakaprielian/.m2/repository/io/grpc/grpc-stub/1.58.0/grpc-stub-1.58.0.jar:/Users/anakaprielian/.m2/repository/io/opencensus/opencensus-api/0.31.1/opencensus-api-0.31.1.jar:/Users/anakaprielian/.m2/repository/io/grpc/grpc-context/1.58.0/grpc-context-1.58.0.jar:/Users/anakaprielian/.m2/repository/com/google/auth/google-auth-library-credentials/1.19.0/google-auth-library-credentials-1.19.0.jar:/Users/anakaprielian/.m2/repository/com/google/cloud/google-cloud-core/2.25.0/google-cloud-core-2.25.0.jar:/Users/anakaprielian/.m2/repository/com/google/api/grpc/proto-google-iam-v1/1.21.0/proto-google-iam-v1-1.21.0.jar:/Users/anakaprielian/.m2/repository/com/google/code/gson/gson/2.8.6/gson-2.8.6.jar:/Users/anakaprielian/.m2/repository/com/google/protobuf/protobuf-java-util/3.24.3/protobuf-java-util-3.24.3.jar:/Users/anakaprielian/.m2/repository/javax/annotation/javax.annotation-api/1.3.2/javax.annotation-api-1.3.2.jar:/Users/anakaprielian/.m2/repository/com/google/firebase/firebase-admin/9.2.0/firebase-admin-9.2.0.jar:/Users/anakaprielian/.m2/repository/com/google/api-client/google-api-client/2.2.0/google-api-client-2.2.0.jar:/Users/anakaprielian/.m2/repository/com/google/oauth-client/google-oauth-client/1.34.1/google-oauth-client-1.34.1.jar:/Users/anakaprielian/.m2/repository/com/google/http-client/google-http-client-apache-v2/1.42.3/google-http-client-apache-v2-1.42.3.jar:/Users/anakaprielian/.m2/repository/com/google/api-client/google-api-client-gson/2.2.0/google-api-client-gson-2.2.0.jar:/Users/anakaprielian/.m2/repository/com/google/cloud/google-cloud-storage/2.22.4/google-cloud-storage-2.22.4.jar:/Users/anakaprielian/.m2/repository/com/google/http-client/google-http-client-jackson2/1.43.1/google-http-client-jackson2-1.43.1.jar:/Users/anakaprielian/.m2/repository/com/google/apis/google-api-services-storage/v1-rev20230301-2.0.0/google-api-services-storage-v1-rev20230301-2.0.0.jar:/Users/anakaprielian/.m2/repository/com/google/cloud/google-cloud-core-http/2.19.0/google-cloud-core-http-2.19.0.jar:/Users/anakaprielian/.m2/repository/com/google/http-client/google-http-client-appengine/1.43.1/google-http-client-appengine-1.43.1.jar:/Users/anakaprielian/.m2/repository/com/google/api/grpc/proto-google-cloud-storage-v2/2.22.4-alpha/proto-google-cloud-storage-v2-2.22.4-alpha.jar:/Users/anakaprielian/.m2/repository/com/google/api/grpc/grpc-google-cloud-storage-v2/2.22.4-alpha/grpc-google-cloud-storage-v2-2.22.4-alpha.jar:/Users/anakaprielian/.m2/repository/com/google/api/grpc/gapic-google-cloud-storage-v2/2.22.4-alpha/gapic-google-cloud-storage-v2-2.22.4-alpha.jar:/Users/anakaprielian/.m2/repository/com/fasterxml/jackson/core/jackson-core/2.11.4/jackson-core-2.11.4.jar:/Users/anakaprielian/.m2/repository/io/grpc/grpc-rls/1.55.1/grpc-rls-1.55.1.jar:/Users/anakaprielian/.m2/repository/org/slf4j/slf4j-api/1.7.30/slf4j-api-1.7.30.jar:/Users/anakaprielian/.m2/repository/io/netty/netty-codec-http/4.1.60.Final/netty-codec-http-4.1.60.Final.jar:/Users/anakaprielian/.m2/repository/io/netty/netty-common/4.1.60.Final/netty-common-4.1.60.Final.jar:/Users/anakaprielian/.m2/repository/io/netty/netty-buffer/4.1.60.Final/netty-buffer-4.1.60.Final.jar:/Users/anakaprielian/.m2/repository/io/netty/netty-codec/4.1.60.Final/netty-codec-4.1.60.Final.jar:/Users/anakaprielian/.m2/repository/io/netty/netty-handler/4.1.60.Final/netty-handler-4.1.60.Final.jar:/Users/anakaprielian/.m2/repository/io/netty/netty-resolver/4.1.60.Final/netty-resolver-4.1.60.Final.jar:/Users/anakaprielian/.m2/repository/io/netty/netty-transport/4.1.60.Final/netty-transport-4.1.60.Final.jar:/Users/anakaprielian/.m2/repository/mysql/mysql-connector-java/8.0.28/mysql-connector-java-8.0.28.jar:/Users/anakaprielian/.m2/repository/org/apache/commons/commons-lang3/3.12.0/commons-lang3-3.12.0.jar:"/>
    <property name="java.vm.vendor" value="Amazon.com Inc."/>
    <property name="sun.arch.data.model" value="64"/>
    <property name="java.vendor.url" value="https://aws.amazon.com/corretto/"/>
    <property name="user.timezone" value=""/>
    <property name="java.vm.specification.version" value="11"/>
    <property name="os.name" value="Mac OS X"/>
    <property name="sun.java.launcher" value="SUN_STANDARD"/>
    <property name="user.country" value="UY"/>
    <property name="sun.boot.library.path" value="/Users/anakaprielian/Library/Java/JavaVirtualMachines/corretto-11.0.17/Contents/Home/lib"/>
    <property name="sun.java.command" value="/Users/anakaprielian/Documents/UCU/TOPICOS/proyecto/topicos-g5-backend/target/surefire/surefirebooter14294263857520038737.jar /Users/anakaprielian/Documents/UCU/TOPICOS/proyecto/topicos-g5-backend/target/surefire 2023-10-16T19-36-37_250-jvmRun1 surefire2807491911728057870tmp surefire_015524798800324120145tmp"/>
    <property name="http.nonProxyHosts" value="local|*.local|169.254/16|*.169.254/16"/>
    <property name="jdk.debug" value="release"/>
    <property name="surefire.test.class.path" value="/Users/anakaprielian/Documents/UCU/TOPICOS/proyecto/topicos-g5-backend/target/test-classes:/Users/anakaprielian/Documents/UCU/TOPICOS/proyecto/topicos-g5-backend/target/classes:/Users/anakaprielian/.m2/repository/org/springframework/boot/spring-boot-starter-data-jpa/2.4.4/spring-boot-starter-data-jpa-2.4.4.jar:/Users/anakaprielian/.m2/repository/org/springframework/boot/spring-boot-starter-aop/2.4.4/spring-boot-starter-aop-2.4.4.jar:/Users/anakaprielian/.m2/repository/org/springframework/spring-aop/5.3.5/spring-aop-5.3.5.jar:/Users/anakaprielian/.m2/repository/org/aspectj/aspectjweaver/1.9.6/aspectjweaver-1.9.6.jar:/Users/anakaprielian/.m2/repository/org/springframework/boot/spring-boot-starter-jdbc/2.4.4/spring-boot-starter-jdbc-2.4.4.jar:/Users/anakaprielian/.m2/repository/com/zaxxer/HikariCP/3.4.5/HikariCP-3.4.5.jar:/Users/anakaprielian/.m2/repository/org/springframework/spring-jdbc/5.3.5/spring-jdbc-5.3.5.jar:/Users/anakaprielian/.m2/repository/jakarta/transaction/jakarta.transaction-api/1.3.3/jakarta.transaction-api-1.3.3.jar:/Users/anakaprielian/.m2/repository/jakarta/persistence/jakarta.persistence-api/2.2.3/jakarta.persistence-api-2.2.3.jar:/Users/anakaprielian/.m2/repository/org/hibernate/hibernate-core/5.4.29.Final/hibernate-core-5.4.29.Final.jar:/Users/anakaprielian/.m2/repository/org/jboss/logging/jboss-logging/3.4.1.Final/jboss-logging-3.4.1.Final.jar:/Users/anakaprielian/.m2/repository/org/javassist/javassist/3.27.0-GA/javassist-3.27.0-GA.jar:/Users/anakaprielian/.m2/repository/net/bytebuddy/byte-buddy/1.10.22/byte-buddy-1.10.22.jar:/Users/anakaprielian/.m2/repository/antlr/antlr/2.7.7/antlr-2.7.7.jar:/Users/anakaprielian/.m2/repository/org/jboss/jandex/2.2.3.Final/jandex-2.2.3.Final.jar:/Users/anakaprielian/.m2/repository/com/fasterxml/classmate/1.5.1/classmate-1.5.1.jar:/Users/anakaprielian/.m2/repository/org/dom4j/dom4j/2.1.3/dom4j-2.1.3.jar:/Users/anakaprielian/.m2/repository/org/hibernate/common/hibernate-commons-annotations/5.1.2.Final/hibernate-commons-annotations-5.1.2.Final.jar:/Users/anakaprielian/.m2/repository/org/glassfish/jaxb/jaxb-runtime/2.3.3/jaxb-runtime-2.3.3.jar:/Users/anakaprielian/.m2/repository/org/glassfish/jaxb/txw2/2.3.3/txw2-2.3.3.jar:/Users/anakaprielian/.m2/repository/com/sun/istack/istack-commons-runtime/3.0.11/istack-commons-runtime-3.0.11.jar:/Users/anakaprielian/.m2/repository/org/springframework/data/spring-data-jpa/2.4.6/spring-data-jpa-2.4.6.jar:/Users/anakaprielian/.m2/repository/org/springframework/data/spring-data-commons/2.4.6/spring-data-commons-2.4.6.jar:/Users/anakaprielian/.m2/repository/org/springframework/spring-orm/5.3.5/spring-orm-5.3.5.jar:/Users/anakaprielian/.m2/repository/org/springframework/spring-context/5.3.5/spring-context-5.3.5.jar:/Users/anakaprielian/.m2/repository/org/springframework/spring-tx/5.3.5/spring-tx-5.3.5.jar:/Users/anakaprielian/.m2/repository/org/springframework/spring-beans/5.3.5/spring-beans-5.3.5.jar:/Users/anakaprielian/.m2/repository/org/springframework/spring-aspects/5.3.5/spring-aspects-5.3.5.jar:/Users/anakaprielian/.m2/repository/org/springframework/boot/spring-boot-starter-mail/2.4.4/spring-boot-starter-mail-2.4.4.jar:/Users/anakaprielian/.m2/repository/org/springframework/boot/spring-boot-starter/2.4.4/spring-boot-starter-2.4.4.jar:/Users/anakaprielian/.m2/repository/org/springframework/boot/spring-boot-starter-logging/2.4.4/spring-boot-starter-logging-2.4.4.jar:/Users/anakaprielian/.m2/repository/ch/qos/logback/logback-classic/1.2.3/logback-classic-1.2.3.jar:/Users/anakaprielian/.m2/repository/ch/qos/logback/logback-core/1.2.3/logback-core-1.2.3.jar:/Users/anakaprielian/.m2/repository/org/apache/logging/log4j/log4j-to-slf4j/2.13.3/log4j-to-slf4j-2.13.3.jar:/Users/anakaprielian/.m2/repository/org/apache/logging/log4j/log4j-api/2.13.3/log4j-api-2.13.3.jar:/Users/anakaprielian/.m2/repository/org/slf4j/jul-to-slf4j/1.7.30/jul-to-slf4j-1.7.30.jar:/Users/anakaprielian/.m2/repository/jakarta/annotation/jakarta.annotation-api/1.3.5/jakarta.annotation-api-1.3.5.jar:/Users/anakaprielian/.m2/repository/org/yaml/snakeyaml/1.27/snakeyaml-1.27.jar:/Users/anakaprielian/.m2/repository/org/springframework/spring-context-support/5.3.5/spring-context-support-5.3.5.jar:/Users/anakaprielian/.m2/repository/com/sun/mail/jakarta.mail/1.6.6/jakarta.mail-1.6.6.jar:/Users/anakaprielian/.m2/repository/com/sun/activation/jakarta.activation/1.2.2/jakarta.activation-1.2.2.jar:/Users/anakaprielian/.m2/repository/org/springframework/boot/spring-boot-starter-web/2.4.4/spring-boot-starter-web-2.4.4.jar:/Users/anakaprielian/.m2/repository/org/springframework/boot/spring-boot-starter-json/2.4.4/spring-boot-starter-json-2.4.4.jar:/Users/anakaprielian/.m2/repository/com/fasterxml/jackson/core/jackson-databind/2.11.4/jackson-databind-2.11.4.jar:/Users/anakaprielian/.m2/repository/com/fasterxml/jackson/core/jackson-annotations/2.11.4/jackson-annotations-2.11.4.jar:/Users/anakaprielian/.m2/repository/com/fasterxml/jackson/datatype/jackson-datatype-jdk8/2.11.4/jackson-datatype-jdk8-2.11.4.jar:/Users/anakaprielian/.m2/repository/com/fasterxml/jackson/datatype/jackson-datatype-jsr310/2.11.4/jackson-datatype-jsr310-2.11.4.jar:/Users/anakaprielian/.m2/repository/com/fasterxml/jackson/module/jackson-module-parameter-names/2.11.4/jackson-module-parameter-names-2.11.4.jar:/Users/anakaprielian/.m2/repository/org/springframework/boot/spring-boot-starter-tomcat/2.4.4/spring-boot-starter-tomcat-2.4.4.jar:/Users/anakaprielian/.m2/repository/org/apache/tomcat/embed/tomcat-embed-core/9.0.44/tomcat-embed-core-9.0.44.jar:/Users/anakaprielian/.m2/repository/org/apache/tomcat/embed/tomcat-embed-websocket/9.0.44/tomcat-embed-websocket-9.0.44.jar:/Users/anakaprielian/.m2/repository/org/springframework/spring-web/5.3.5/spring-web-5.3.5.jar:/Users/anakaprielian/.m2/repository/org/springframework/spring-webmvc/5.3.5/spring-webmvc-5.3.5.jar:/Users/anakaprielian/.m2/repository/org/springframework/spring-expression/5.3.5/spring-expression-5.3.5.jar:/Users/anakaprielian/.m2/repository/org/springframework/boot/spring-boot-starter-validation/2.4.4/spring-boot-starter-validation-2.4.4.jar:/Users/anakaprielian/.m2/repository/org/glassfish/jakarta.el/3.0.3/jakarta.el-3.0.3.jar:/Users/anakaprielian/.m2/repository/org/hibernate/validator/hibernate-validator/6.1.7.Final/hibernate-validator-6.1.7.Final.jar:/Users/anakaprielian/.m2/repository/jakarta/validation/jakarta.validation-api/2.0.2/jakarta.validation-api-2.0.2.jar:/Users/anakaprielian/.m2/repository/org/springframework/boot/spring-boot-devtools/2.4.4/spring-boot-devtools-2.4.4.jar:/Users/anakaprielian/.m2/repository/org/springframework/boot/spring-boot/2.4.4/spring-boot-2.4.4.jar:/Users/anakaprielian/.m2/repository/org/springframework/boot/spring-boot-autoconfigure/2.4.4/spring-boot-autoconfigure-2.4.4.jar:/Users/anakaprielian/.m2/repository/org/postgresql/postgresql/42.2.19/postgresql-42.2.19.jar:/Users/anakaprielian/.m2/repository/org/checkerframework/checker-qual/3.5.0/checker-qual-3.5.0.jar:/Users/anakaprielian/.m2/repository/org/projectlombok/lombok/1.18.18/lombok-1.18.18.jar:/Users/anakaprielian/.m2/repository/org/springframework/boot/spring-boot-starter-test/2.4.4/spring-boot-starter-test-2.4.4.jar:/Users/anakaprielian/.m2/repository/org/springframework/boot/spring-boot-test/2.4.4/spring-boot-test-2.4.4.jar:/Users/anakaprielian/.m2/repository/org/springframework/boot/spring-boot-test-autoconfigure/2.4.4/spring-boot-test-autoconfigure-2.4.4.jar:/Users/anakaprielian/.m2/repository/com/jayway/jsonpath/json-path/2.4.0/json-path-2.4.0.jar:/Users/anakaprielian/.m2/repository/net/minidev/json-smart/2.3/json-smart-2.3.jar:/Users/anakaprielian/.m2/repository/net/minidev/accessors-smart/1.2/accessors-smart-1.2.jar:/Users/anakaprielian/.m2/repository/org/ow2/asm/asm/5.0.4/asm-5.0.4.jar:/Users/anakaprielian/.m2/repository/jakarta/xml/bind/jakarta.xml.bind-api/2.3.3/jakarta.xml.bind-api-2.3.3.jar:/Users/anakaprielian/.m2/repository/jakarta/activation/jakarta.activation-api/1.2.2/jakarta.activation-api-1.2.2.jar:/Users/anakaprielian/.m2/repository/org/assertj/assertj-core/3.18.1/assertj-core-3.18.1.jar:/Users/anakaprielian/.m2/repository/org/hamcrest/hamcrest/2.2/hamcrest-2.2.jar:/Users/anakaprielian/.m2/repository/org/junit/jupiter/junit-jupiter/5.7.1/junit-jupiter-5.7.1.jar:/Users/anakaprielian/.m2/repository/org/junit/jupiter/junit-jupiter-api/5.7.1/junit-jupiter-api-5.7.1.jar:/Users/anakaprielian/.m2/repository/org/apiguardian/apiguardian-api/1.1.0/apiguardian-api-1.1.0.jar:/Users/anakaprielian/.m2/repository/org/opentest4j/opentest4j/1.2.0/opentest4j-1.2.0.jar:/Users/anakaprielian/.m2/repository/org/junit/platform/junit-platform-commons/1.7.1/junit-platform-commons-1.7.1.jar:/Users/anakaprielian/.m2/repository/org/junit/jupiter/junit-jupiter-params/5.7.1/junit-jupiter-params-5.7.1.jar:/Users/anakaprielian/.m2/repository/org/junit/jupiter/junit-jupiter-engine/5.7.1/junit-jupiter-engine-5.7.1.jar:/Users/anakaprielian/.m2/repository/org/junit/platform/junit-platform-engine/1.7.1/junit-platform-engine-1.7.1.jar:/Users/anakaprielian/.m2/repository/org/mockito/mockito-core/3.6.28/mockito-core-3.6.28.jar:/Users/anakaprielian/.m2/repository/net/bytebuddy/byte-buddy-agent/1.10.22/byte-buddy-agent-1.10.22.jar:/Users/anakaprielian/.m2/repository/org/objenesis/objenesis/3.1/objenesis-3.1.jar:/Users/anakaprielian/.m2/repository/org/mockito/mockito-junit-jupiter/3.6.28/mockito-junit-jupiter-3.6.28.jar:/Users/anakaprielian/.m2/repository/org/skyscreamer/jsonassert/1.5.0/jsonassert-1.5.0.jar:/Users/anakaprielian/.m2/repository/com/vaadin/external/google/android-json/0.0.20131108.vaadin1/android-json-0.0.20131108.vaadin1.jar:/Users/anakaprielian/.m2/repository/org/springframework/spring-core/5.3.5/spring-core-5.3.5.jar:/Users/anakaprielian/.m2/repository/org/springframework/spring-jcl/5.3.5/spring-jcl-5.3.5.jar:/Users/anakaprielian/.m2/repository/org/springframework/spring-test/5.3.5/spring-test-5.3.5.jar:/Users/anakaprielian/.m2/repository/org/xmlunit/xmlunit-core/2.7.0/xmlunit-core-2.7.0.jar:/Users/anakaprielian/.m2/repository/com/google/cloud/google-cloud-firestore/3.15.1/google-cloud-firestore-3.15.1.jar:/Users/anakaprielian/.m2/repository/com/google/cloud/google-cloud-core-grpc/2.25.0/google-cloud-core-grpc-2.25.0.jar:/Users/anakaprielian/.m2/repository/com/google/http-client/google-http-client/1.43.3/google-http-client-1.43.3.jar:/Users/anakaprielian/.m2/repository/org/apache/httpcomponents/httpclient/4.5.13/httpclient-4.5.13.jar:/Users/anakaprielian/.m2/repository/commons-logging/commons-logging/1.2/commons-logging-1.2.jar:/Users/anakaprielian/.m2/repository/commons-codec/commons-codec/1.15/commons-codec-1.15.jar:/Users/anakaprielian/.m2/repository/org/apache/httpcomponents/httpcore/4.4.14/httpcore-4.4.14.jar:/Users/anakaprielian/.m2/repository/io/opencensus/opencensus-contrib-http-util/0.31.1/opencensus-contrib-http-util-0.31.1.jar:/Users/anakaprielian/.m2/repository/com/google/api/grpc/proto-google-cloud-firestore-v1/3.15.1/proto-google-cloud-firestore-v1-3.15.1.jar:/Users/anakaprielian/.m2/repository/com/google/cloud/proto-google-cloud-firestore-bundle-v1/3.15.1/proto-google-cloud-firestore-bundle-v1-3.15.1.jar:/Users/anakaprielian/.m2/repository/com/google/auto/value/auto-value-annotations/1.10.4/auto-value-annotations-1.10.4.jar:/Users/anakaprielian/.m2/repository/io/opencensus/opencensus-contrib-grpc-util/0.31.1/opencensus-contrib-grpc-util-0.31.1.jar:/Users/anakaprielian/.m2/repository/io/grpc/grpc-core/1.58.0/grpc-core-1.58.0.jar:/Users/anakaprielian/.m2/repository/com/google/android/annotations/4.1.1.4/annotations-4.1.1.4.jar:/Users/anakaprielian/.m2/repository/org/codehaus/mojo/animal-sniffer-annotations/1.23/animal-sniffer-annotations-1.23.jar:/Users/anakaprielian/.m2/repository/io/perfmark/perfmark-api/0.26.0/perfmark-api-0.26.0.jar:/Users/anakaprielian/.m2/repository/io/grpc/grpc-util/1.58.0/grpc-util-1.58.0.jar:/Users/anakaprielian/.m2/repository/com/google/code/findbugs/jsr305/3.0.2/jsr305-3.0.2.jar:/Users/anakaprielian/.m2/repository/com/google/api/api-common/2.18.0/api-common-2.18.0.jar:/Users/anakaprielian/.m2/repository/com/google/errorprone/error_prone_annotations/2.20.0/error_prone_annotations-2.20.0.jar:/Users/anakaprielian/.m2/repository/io/grpc/grpc-protobuf/1.58.0/grpc-protobuf-1.58.0.jar:/Users/anakaprielian/.m2/repository/io/grpc/grpc-protobuf-lite/1.58.0/grpc-protobuf-lite-1.58.0.jar:/Users/anakaprielian/.m2/repository/com/google/protobuf/protobuf-java/3.24.3/protobuf-java-3.24.3.jar:/Users/anakaprielian/.m2/repository/com/google/api/grpc/proto-google-common-protos/2.26.0/proto-google-common-protos-2.26.0.jar:/Users/anakaprielian/.m2/repository/com/google/api/gax/2.35.0/gax-2.35.0.jar:/Users/anakaprielian/.m2/repository/com/google/auth/google-auth-library-oauth2-http/1.19.0/google-auth-library-oauth2-http-1.19.0.jar:/Users/anakaprielian/.m2/repository/io/grpc/grpc-api/1.58.0/grpc-api-1.58.0.jar:/Users/anakaprielian/.m2/repository/com/google/api/gax-grpc/2.35.0/gax-grpc-2.35.0.jar:/Users/anakaprielian/.m2/repository/io/grpc/grpc-inprocess/1.58.0/grpc-inprocess-1.58.0.jar:/Users/anakaprielian/.m2/repository/io/grpc/grpc-alts/1.58.0/grpc-alts-1.58.0.jar:/Users/anakaprielian/.m2/repository/io/grpc/grpc-grpclb/1.58.0/grpc-grpclb-1.58.0.jar:/Users/anakaprielian/.m2/repository/org/conscrypt/conscrypt-openjdk-uber/2.5.2/conscrypt-openjdk-uber-2.5.2.jar:/Users/anakaprielian/.m2/repository/io/grpc/grpc-auth/1.58.0/grpc-auth-1.58.0.jar:/Users/anakaprielian/.m2/repository/io/grpc/grpc-netty-shaded/1.58.0/grpc-netty-shaded-1.58.0.jar:/Users/anakaprielian/.m2/repository/io/grpc/grpc-googleapis/1.58.0/grpc-googleapis-1.58.0.jar:/Users/anakaprielian/.m2/repository/io/grpc/grpc-xds/1.58.0/grpc-xds-1.58.0.jar:/Users/anakaprielian/.m2/repository/io/opencensus/opencensus-proto/0.2.0/opencensus-proto-0.2.0.jar:/Users/anakaprielian/.m2/repository/io/grpc/grpc-services/1.58.0/grpc-services-1.58.0.jar:/Users/anakaprielian/.m2/repository/com/google/re2j/re2j/1.7/re2j-1.7.jar:/Users/anakaprielian/.m2/repository/com/google/api/gax-httpjson/2.35.0/gax-httpjson-2.35.0.jar:/Users/anakaprielian/.m2/repository/com/google/http-client/google-http-client-gson/1.43.3/google-http-client-gson-1.43.3.jar:/Users/anakaprielian/.m2/repository/com/google/guava/guava/32.1.2-jre/guava-32.1.2-jre.jar:/Users/anakaprielian/.m2/repository/com/google/guava/failureaccess/1.0.1/failureaccess-1.0.1.jar:/Users/anakaprielian/.m2/repository/com/google/guava/listenablefuture/9999.0-empty-to-avoid-conflict-with-guava/listenablefuture-9999.0-empty-to-avoid-conflict-with-guava.jar:/Users/anakaprielian/.m2/repository/com/google/j2objc/j2objc-annotations/2.8/j2objc-annotations-2.8.jar:/Users/anakaprielian/.m2/repository/org/threeten/threetenbp/1.6.8/threetenbp-1.6.8.jar:/Users/anakaprielian/.m2/repository/io/grpc/grpc-stub/1.58.0/grpc-stub-1.58.0.jar:/Users/anakaprielian/.m2/repository/io/opencensus/opencensus-api/0.31.1/opencensus-api-0.31.1.jar:/Users/anakaprielian/.m2/repository/io/grpc/grpc-context/1.58.0/grpc-context-1.58.0.jar:/Users/anakaprielian/.m2/repository/com/google/auth/google-auth-library-credentials/1.19.0/google-auth-library-credentials-1.19.0.jar:/Users/anakaprielian/.m2/repository/com/google/cloud/google-cloud-core/2.25.0/google-cloud-core-2.25.0.jar:/Users/anakaprielian/.m2/repository/com/google/api/grpc/proto-google-iam-v1/1.21.0/proto-google-iam-v1-1.21.0.jar:/Users/anakaprielian/.m2/repository/com/google/code/gson/gson/2.8.6/gson-2.8.6.jar:/Users/anakaprielian/.m2/repository/com/google/protobuf/protobuf-java-util/3.24.3/protobuf-java-util-3.24.3.jar:/Users/anakaprielian/.m2/repository/javax/annotation/javax.annotation-api/1.3.2/javax.annotation-api-1.3.2.jar:/Users/anakaprielian/.m2/repository/com/google/firebase/firebase-admin/9.2.0/firebase-admin-9.2.0.jar:/Users/anakaprielian/.m2/repository/com/google/api-client/google-api-client/2.2.0/google-api-client-2.2.0.jar:/Users/anakaprielian/.m2/repository/com/google/oauth-client/google-oauth-client/1.34.1/google-oauth-client-1.34.1.jar:/Users/anakaprielian/.m2/repository/com/google/http-client/google-http-client-apache-v2/1.42.3/google-http-client-apache-v2-1.42.3.jar:/Users/anakaprielian/.m2/repository/com/google/api-client/google-api-client-gson/2.2.0/google-api-client-gson-2.2.0.jar:/Users/anakaprielian/.m2/repository/com/google/cloud/google-cloud-storage/2.22.4/google-cloud-storage-2.22.4.jar:/Users/anakaprielian/.m2/repository/com/google/http-client/google-http-client-jackson2/1.43.1/google-http-client-jackson2-1.43.1.jar:/Users/anakaprielian/.m2/repository/com/google/apis/google-api-services-storage/v1-rev20230301-2.0.0/google-api-services-storage-v1-rev20230301-2.0.0.jar:/Users/anakaprielian/.m2/repository/com/google/cloud/google-cloud-core-http/2.19.0/google-cloud-core-http-2.19.0.jar:/Users/anakaprielian/.m2/repository/com/google/http-client/google-http-client-appengine/1.43.1/google-http-client-appengine-1.43.1.jar:/Users/anakaprielian/.m2/repository/com/google/api/grpc/proto-google-cloud-storage-v2/2.22.4-alpha/proto-google-cloud-storage-v2-2.22.4-alpha.jar:/Users/anakaprielian/.m2/repository/com/google/api/grpc/grpc-google-cloud-storage-v2/2.22.4-alpha/grpc-google-cloud-storage-v2-2.22.4-alpha.jar:/Users/anakaprielian/.m2/repository/com/google/api/grpc/gapic-google-cloud-storage-v2/2.22.4-alpha/gapic-google-cloud-storage-v2-2.22.4-alpha.jar:/Users/anakaprielian/.m2/repository/com/fasterxml/jackson/core/jackson-core/2.11.4/jackson-core-2.11.4.jar:/Users/anakaprielian/.m2/repository/io/grpc/grpc-rls/1.55.1/grpc-rls-1.55.1.jar:/Users/anakaprielian/.m2/repository/org/slf4j/slf4j-api/1.7.30/slf4j-api-1.7.30.jar:/Users/anakaprielian/.m2/repository/io/netty/netty-codec-http/4.1.60.Final/netty-codec-http-4.1.60.Final.jar:/Users/anakaprielian/.m2/repository/io/netty/netty-common/4.1.60.Final/netty-common-4.1.60.Final.jar:/Users/anakaprielian/.m2/repository/io/netty/netty-buffer/4.1.60.Final/netty-buffer-4.1.60.Final.jar:/Users/anakaprielian/.m2/repository/io/netty/netty-codec/4.1.60.Final/netty-codec-4.1.60.Final.jar:/Users/anakaprielian/.m2/repository/io/netty/netty-handler/4.1.60.Final/netty-handler-4.1.60.Final.jar:/Users/anakaprielian/.m2/repository/io/netty/netty-resolver/4.1.60.Final/netty-resolver-4.1.60.Final.jar:/Users/anakaprielian/.m2/repository/io/netty/netty-transport/4.1.60.Final/netty-transport-4.1.60.Final.jar:/Users/anakaprielian/.m2/repository/mysql/mysql-connector-java/8.0.28/mysql-connector-java-8.0.28.jar:/Users/anakaprielian/.m2/repository/org/apache/commons/commons-lang3/3.12.0/commons-lang3-3.12.0.jar:"/>
    <property name="sun.cpu.endian" value="little"/>
    <property name="user.home" value="/Users/anakaprielian"/>
    <property name="user.language" value="en"/>
    <property name="java.specification.vendor" value="Oracle Corporation"/>
    <property name="java.version.date" value="2022-10-18"/>
    <property name="java.home" value="/Users/anakaprielian/Library/Java/JavaVirtualMachines/corretto-11.0.17/Contents/Home"/>
    <property name="file.separator" value="/"/>
    <property name="basedir" value="/Users/anakaprielian/Documents/UCU/TOPICOS/proyecto/topicos-g5-backend"/>
    <property name="java.vm.compressedOopsMode" value="Zero based"/>
    <property name="line.separator" value="&#10;"/>
    <property name="java.specification.name" value="Java Platform API Specification"/>
    <property name="java.vm.specification.vendor" value="Oracle Corporation"/>
    <property name="java.awt.graphicsenv" value="sun.awt.CGraphicsEnvironment"/>
    <property name="surefire.real.class.path" value="/Users/anakaprielian/Documents/UCU/TOPICOS/proyecto/topicos-g5-backend/target/surefire/surefirebooter14294263857520038737.jar"/>
    <property name="sun.management.compiler" value="HotSpot 64-Bit Tiered Compilers"/>
    <property name="ftp.nonProxyHosts" value="local|*.local|169.254/16|*.169.254/16"/>
    <property name="java.runtime.version" value="11.0.17+8-LTS"/>
    <property name="user.name" value="anakaprielian"/>
    <property name="path.separator" value=":"/>
    <property name="os.version" value="12.5.1"/>
    <property name="java.runtime.name" value="OpenJDK Runtime Environment"/>
    <property name="file.encoding" value="UTF-8"/>
    <property name="java.vm.name" value="OpenJDK 64-Bit Server VM"/>
    <property name="java.vendor.version" value="Corretto-11.0.17.8.1"/>
    <property name="localRepository" value="/Users/anakaprielian/.m2/repository"/>
    <property name="java.vendor.url.bug" value="https://github.com/corretto/corretto-11/issues/"/>
    <property name="java.io.tmpdir" value="/var/folders/83/dfr0tf256zd46qvv1zjzcpgm0000gn/T/"/>
    <property name="idea.version" value="2022.2.3"/>
    <property name="java.version" value="11.0.17"/>
    <property name="user.dir" value="/Users/anakaprielian/Documents/UCU/TOPICOS/proyecto/topicos-g5-backend"/>
    <property name="os.arch" value="aarch64"/>
    <property name="java.vm.specification.name" value="Java Virtual Machine Specification"/>
    <property name="java.awt.printerjob" value="sun.lwawt.macosx.CPrinterJob"/>
    <property name="sun.os.patch.level" value="unknown"/>
    <property name="java.library.path" value="/Users/anakaprielian/Library/Java/Extensions:/Library/Java/Extensions:/Network/Library/Java/Extensions:/System/Library/Java/Extensions:/usr/lib/java:."/>
    <property name="java.vm.info" value="mixed mode"/>
    <property name="java.vendor" value="Amazon.com Inc."/>
    <property name="java.vm.version" value="11.0.17+8-LTS"/>
    <property name="sun.io.unicode.encoding" value="UnicodeBig"/>
    <property name="apple.awt.UIElement" value="true"/>
    <property name="java.class.version" value="55.0"/>
    <property name="socksNonProxyHosts" value="local|*.local|169.254/16|*.169.254/16"/>
  </properties>
  <testcase name="contextLoads" classname="com.ucu.topicos.TopicosApplicationTests" time="0.067"/>
</testsuite>